# JRE version: OpenJDK Runtime Environment (8.0_275-b01) (build 1.8.0_275-b01)
# Java VM: OpenJDK 64-Bit Server VM (25.275-b01 mixed mode linux-amd64 compressed oops)
Heap:
 PSYoungGen      total 209408K, used 183887K [0x000000076e800000, 0x0000000788500000, 0x00000007c0000000)
  eden space 120832K, 78% used [0x000000076e800000,0x000000077451b9f8,0x0000000775e00000)
  from space 88576K, 99% used [0x0000000775e00000,0x000000077b478208,0x000000077b480000)
  to   space 111616K, 0% used [0x0000000781800000,0x0000000781800000,0x0000000788500000)
 ParOldGen       total 261632K, used 123499K [0x00000006cb800000, 0x00000006db780000, 0x000000076e800000)
  object space 261632K, 47% used [0x00000006cb800000,0x00000006d309ad98,0x00000006db780000)
 Metaspace       used 34280K, capacity 35752K, committed 35840K, reserved 1079296K
  class space    used 4761K, capacity 5069K, committed 5120K, reserved 1048576K
GC Heap History (10 events):
Event: 5,230 GC heap before
{Heap before GC invocations=5 (full 1):
 PSYoungGen      total 73728K, used 73669K [0x000000076e800000, 0x0000000775480000, 0x00000007c0000000)
  eden space 63488K, 99% used [0x000000076e800000,0x00000007725f83f8,0x0000000772600000)
  from space 10240K, 99% used [0x0000000772600000,0x0000000772ff91a0,0x0000000773000000)
  to   space 10240K, 0% used [0x0000000774a80000,0x0000000774a80000,0x0000000775480000)
 ParOldGen       total 104960K, used 44134K [0x00000006cb800000, 0x00000006d1e80000, 0x000000076e800000)
  object space 104960K, 42% used [0x00000006cb800000,0x00000006ce319858,0x00000006d1e80000)
 Metaspace       used 32590K, capacity 33920K, committed 34176K, reserved 1079296K
  class space    used 4688K, capacity 4957K, committed 4992K, reserved 1048576K
Event: 5,237 GC heap after
Heap after GC invocations=5 (full 1):
 PSYoungGen      total 97280K, used 10225K [0x000000076e800000, 0x0000000775480000, 0x00000007c0000000)
  eden space 87040K, 0% used [0x000000076e800000,0x000000076e800000,0x0000000773d00000)
  from space 10240K, 99% used [0x0000000774a80000,0x000000077547c448,0x0000000775480000)
  to   space 10240K, 0% used [0x0000000774080000,0x0000000774080000,0x0000000774a80000)
 ParOldGen       total 104960K, used 82694K [0x00000006cb800000, 0x00000006d1e80000, 0x000000076e800000)
  object space 104960K, 78% used [0x00000006cb800000,0x00000006d08c1800,0x00000006d1e80000)
 Metaspace       used 32590K, capacity 33920K, committed 34176K, reserved 1079296K
  class space    used 4688K, capacity 4957K, committed 4992K, reserved 1048576K
}
Event: 5,237 GC heap before
{Heap before GC invocations=6 (full 2):
 PSYoungGen      total 97280K, used 10225K [0x000000076e800000, 0x0000000775480000, 0x00000007c0000000)
  eden space 87040K, 0% used [0x000000076e800000,0x000000076e800000,0x0000000773d00000)
  from space 10240K, 99% used [0x0000000774a80000,0x000000077547c448,0x0000000775480000)
  to   space 10240K, 0% used [0x0000000774080000,0x0000000774080000,0x0000000774a80000)
 ParOldGen       total 104960K, used 82694K [0x00000006cb800000, 0x00000006d1e80000, 0x000000076e800000)
  object space 104960K, 78% used [0x00000006cb800000,0x00000006d08c1800,0x00000006d1e80000)
 Metaspace       used 32590K, capacity 33920K, committed 34176K, reserved 1079296K
  class space    used 4688K, capacity 4957K, committed 4992K, reserved 1048576K
Event: 5,260 GC heap after
Heap after GC invocations=6 (full 2):
 PSYoungGen      total 97280K, used 0K [0x000000076e800000, 0x0000000775480000, 0x00000007c0000000)
  eden space 87040K, 0% used [0x000000076e800000,0x000000076e800000,0x0000000773d00000)
  from space 10240K, 0% used [0x0000000774a80000,0x0000000774a80000,0x0000000775480000)
  to   space 10240K, 0% used [0x0000000774080000,0x0000000774080000,0x0000000774a80000)
 ParOldGen       total 261632K, used 65114K [0x00000006cb800000, 0x00000006db780000, 0x000000076e800000)
  object space 261632K, 24% used [0x00000006cb800000,0x00000006cf796888,0x00000006db780000)
 Metaspace       used 32587K, capacity 33912K, committed 34176K, reserved 1079296K
  class space    used 4687K, capacity 4955K, committed 4992K, reserved 1048576K
}
Event: 5,543 GC heap before
{Heap before GC invocations=7 (full 2):
 PSYoungGen      total 97280K, used 86203K [0x000000076e800000, 0x0000000775480000, 0x00000007c0000000)
  eden space 87040K, 99% used [0x000000076e800000,0x0000000773c2ec90,0x0000000773d00000)
  from space 10240K, 0% used [0x0000000774a80000,0x0000000774a80000,0x0000000775480000)
  to   space 10240K, 0% used [0x0000000774080000,0x0000000774080000,0x0000000774a80000)
 ParOldGen       total 261632K, used 65114K [0x00000006cb800000, 0x00000006db780000, 0x000000076e800000)
  object space 261632K, 24% used [0x00000006cb800000,0x00000006cf796888,0x00000006db780000)
 Metaspace       used 32791K, capacity 34140K, committed 34176K, reserved 1079296K
  class space    used 4690K, capacity 4961K, committed 4992K, reserved 1048576K
Event: 5,549 GC heap after
Heap after GC invocations=7 (full 2):
 PSYoungGen      total 100864K, used 10228K [0x000000076e800000, 0x000000077ff00000, 0x00000007c0000000)
  eden space 90624K, 0% used [0x000000076e800000,0x000000076e800000,0x0000000774080000)
  from space 10240K, 99% used [0x0000000774080000,0x0000000774a7d1f8,0x0000000774a80000)
  to   space 76288K, 0% used [0x000000077b480000,0x000000077b480000,0x000000077ff00000)
 ParOldGen       total 261632K, used 112223K [0x00000006cb800000, 0x00000006db780000, 0x000000076e800000)
  object space 261632K, 42% used [0x00000006cb800000,0x00000006d2597c08,0x00000006db780000)
 Metaspace       used 32791K, capacity 34140K, committed 34176K, reserved 1079296K
  class space    used 4690K, capacity 4961K, committed 4992K, reserved 1048576K
}
Event: 5,853 GC heap before
{Heap before GC invocations=8 (full 2):
 PSYoungGen      total 100864K, used 100389K [0x000000076e800000, 0x000000077ff00000, 0x00000007c0000000)
  eden space 90624K, 99% used [0x000000076e800000,0x000000077400c5f8,0x0000000774080000)
  from space 10240K, 99% used [0x0000000774080000,0x0000000774a7d1f8,0x0000000774a80000)
  to   space 76288K, 0% used [0x000000077b480000,0x000000077b480000,0x000000077ff00000)
 ParOldGen       total 261632K, used 112223K [0x00000006cb800000, 0x00000006db780000, 0x000000076e800000)
  object space 261632K, 42% used [0x00000006cb800000,0x00000006d2597c08,0x00000006db780000)
 Metaspace       used 33049K, capacity 34380K, committed 34432K, reserved 1079296K
  class space    used 4698K, capacity 4969K, committed 4992K, reserved 1048576K
Event: 5,863 GC heap after
Heap after GC invocations=8 (full 2):
 PSYoungGen      total 197120K, used 67663K [0x000000076e800000, 0x0000000782280000, 0x00000007c0000000)
  eden space 120832K, 0% used [0x000000076e800000,0x000000076e800000,0x0000000775e00000)
  from space 76288K, 88% used [0x000000077b480000,0x000000077f693c48,0x000000077ff00000)
  to   space 88576K, 0% used [0x0000000775e00000,0x0000000775e00000,0x000000077b480000)
 ParOldGen       total 261632K, used 112231K [0x00000006cb800000, 0x00000006db780000, 0x000000076e800000)
  object space 261632K, 42% used [0x00000006cb800000,0x00000006d2599c08,0x00000006db780000)
 Metaspace       used 33049K, capacity 34380K, committed 34432K, reserved 1079296K
  class space    used 4698K, capacity 4969K, committed 4992K, reserved 1048576K
}
Event: 6,127 GC heap before
{Heap before GC invocations=9 (full 2):
 PSYoungGen      total 197120K, used 188304K [0x000000076e800000, 0x0000000782280000, 0x00000007c0000000)
  eden space 120832K, 99% used [0x000000076e800000,0x0000000775dd0748,0x0000000775e00000)
  from space 76288K, 88% used [0x000000077b480000,0x000000077f693c48,0x000000077ff00000)
  to   space 88576K, 0% used [0x0000000775e00000,0x0000000775e00000,0x000000077b480000)
 ParOldGen       total 261632K, used 112231K [0x00000006cb800000, 0x00000006db780000, 0x000000076e800000)
  object space 261632K, 42% used [0x00000006cb800000,0x00000006d2599c08,0x00000006db780000)
 Metaspace       used 33433K, capacity 34796K, committed 35072K, reserved 1079296K
  class space    used 4707K, capacity 5001K, committed 5120K, reserved 1048576K
Event: 6,138 GC heap after
Heap after GC invocations=9 (full 2):
 PSYoungGen      total 209408K, used 88544K [0x000000076e800000, 0x0000000788500000, 0x00000007c0000000)
  eden space 120832K, 0% used [0x000000076e800000,0x000000076e800000,0x0000000775e00000)
  from space 88576K, 99% used [0x0000000775e00000,0x000000077b478208,0x000000077b480000)
  to   space 111616K, 0% used [0x0000000781800000,0x0000000781800000,0x0000000788500000)
 ParOldGen       total 261632K, used 123499K [0x00000006cb800000, 0x00000006db780000, 0x000000076e800000)
  object space 261632K, 47% used [0x00000006cb800000,0x00000006d309ad98,0x00000006db780000)
 Metaspace       used 33433K, capacity 34796K, committed 35072K, reserved 1079296K
  class space    used 4707K, capacity 5001K, committed 5120K, reserved 1048576K
}

